27-May-2020 03:16:50.842 INFO [main] org.apache.catalina.startup.VersionLoggerListener.log Server version name:   Apache Tomcat/9.0.35
27-May-2020 03:16:50.853 INFO [main] org.apache.catalina.startup.VersionLoggerListener.log Server built:          May 5 2020 20:36:20 UTC
27-May-2020 03:16:50.853 INFO [main] org.apache.catalina.startup.VersionLoggerListener.log Server version number: 9.0.35.0
27-May-2020 03:16:50.854 INFO [main] org.apache.catalina.startup.VersionLoggerListener.log OS Name:               Linux
27-May-2020 03:16:50.854 INFO [main] org.apache.catalina.startup.VersionLoggerListener.log OS Version:            5.4.0-31-generic
27-May-2020 03:16:50.854 INFO [main] org.apache.catalina.startup.VersionLoggerListener.log Architecture:          amd64
27-May-2020 03:16:50.854 INFO [main] org.apache.catalina.startup.VersionLoggerListener.log Java Home:             /home/melchior/.sdkman/candidates/java/11.0.7-open
27-May-2020 03:16:50.855 INFO [main] org.apache.catalina.startup.VersionLoggerListener.log JVM Version:           11.0.7+10
27-May-2020 03:16:50.855 INFO [main] org.apache.catalina.startup.VersionLoggerListener.log JVM Vendor:            Oracle Corporation
27-May-2020 03:16:50.855 INFO [main] org.apache.catalina.startup.VersionLoggerListener.log CATALINA_BASE:         /media/melchior/Backup/Desenvolvimento/Cursos/formacao-java/Servlet-Parte-1-Fundamentos-da-programação-web-Java/apache-tomcat-9.0.35-prod
27-May-2020 03:16:50.856 INFO [main] org.apache.catalina.startup.VersionLoggerListener.log CATALINA_HOME:         /media/melchior/Backup/Desenvolvimento/Cursos/formacao-java/Servlet-Parte-1-Fundamentos-da-programação-web-Java/apache-tomcat-9.0.35-prod
27-May-2020 03:16:50.877 INFO [main] org.apache.catalina.startup.VersionLoggerListener.log Command line argument: --add-opens=java.base/java.lang=ALL-UNNAMED
27-May-2020 03:16:50.878 INFO [main] org.apache.catalina.startup.VersionLoggerListener.log Command line argument: --add-opens=java.base/java.io=ALL-UNNAMED
27-May-2020 03:16:50.878 INFO [main] org.apache.catalina.startup.VersionLoggerListener.log Command line argument: --add-opens=java.rmi/sun.rmi.transport=ALL-UNNAMED
27-May-2020 03:16:50.878 INFO [main] org.apache.catalina.startup.VersionLoggerListener.log Command line argument: -Djava.util.logging.config.file=/media/melchior/Backup/Desenvolvimento/Cursos/formacao-java/Servlet-Parte-1-Fundamentos-da-programação-web-Java/apache-tomcat-9.0.35-prod/conf/logging.properties
27-May-2020 03:16:50.878 INFO [main] org.apache.catalina.startup.VersionLoggerListener.log Command line argument: -Djava.util.logging.manager=org.apache.juli.ClassLoaderLogManager
27-May-2020 03:16:50.879 INFO [main] org.apache.catalina.startup.VersionLoggerListener.log Command line argument: -Djdk.tls.ephemeralDHKeySize=2048
27-May-2020 03:16:50.879 INFO [main] org.apache.catalina.startup.VersionLoggerListener.log Command line argument: -Djava.protocol.handler.pkgs=org.apache.catalina.webresources
27-May-2020 03:16:50.879 INFO [main] org.apache.catalina.startup.VersionLoggerListener.log Command line argument: -Dorg.apache.catalina.security.SecurityListener.UMASK=0027
27-May-2020 03:16:50.879 INFO [main] org.apache.catalina.startup.VersionLoggerListener.log Command line argument: -Dignore.endorsed.dirs=
27-May-2020 03:16:50.880 INFO [main] org.apache.catalina.startup.VersionLoggerListener.log Command line argument: -Dcatalina.base=/media/melchior/Backup/Desenvolvimento/Cursos/formacao-java/Servlet-Parte-1-Fundamentos-da-programação-web-Java/apache-tomcat-9.0.35-prod
27-May-2020 03:16:50.880 INFO [main] org.apache.catalina.startup.VersionLoggerListener.log Command line argument: -Dcatalina.home=/media/melchior/Backup/Desenvolvimento/Cursos/formacao-java/Servlet-Parte-1-Fundamentos-da-programação-web-Java/apache-tomcat-9.0.35-prod
27-May-2020 03:16:50.880 INFO [main] org.apache.catalina.startup.VersionLoggerListener.log Command line argument: -Djava.io.tmpdir=/media/melchior/Backup/Desenvolvimento/Cursos/formacao-java/Servlet-Parte-1-Fundamentos-da-programação-web-Java/apache-tomcat-9.0.35-prod/temp
27-May-2020 03:16:50.881 INFO [main] org.apache.catalina.core.AprLifecycleListener.lifecycleEvent The Apache Tomcat Native library which allows using OpenSSL was not found on the java.library.path: [/usr/java/packages/lib:/usr/lib64:/lib64:/lib:/usr/lib]
27-May-2020 03:16:51.419 INFO [main] org.apache.coyote.AbstractProtocol.init Initializing ProtocolHandler ["http-nio-8080"]
27-May-2020 03:16:51.488 INFO [main] org.apache.catalina.startup.Catalina.load Server initialization in [967] milliseconds
27-May-2020 03:16:51.595 INFO [main] org.apache.catalina.core.StandardService.startInternal Starting service [Catalina]
27-May-2020 03:16:51.595 INFO [main] org.apache.catalina.core.StandardEngine.startInternal Starting Servlet engine: [Apache Tomcat/9.0.35]
27-May-2020 03:16:51.627 INFO [main] org.apache.catalina.startup.HostConfig.deployWAR Deploying web application archive [/media/melchior/Backup/Desenvolvimento/Cursos/formacao-java/Servlet-Parte-1-Fundamentos-da-programação-web-Java/apache-tomcat-9.0.35-prod/webapps/gerenciador.war]
27-May-2020 03:16:52.321 INFO [main] org.apache.catalina.startup.HostConfig.deployWAR Deployment of web application archive [/media/melchior/Backup/Desenvolvimento/Cursos/formacao-java/Servlet-Parte-1-Fundamentos-da-programação-web-Java/apache-tomcat-9.0.35-prod/webapps/gerenciador.war] has finished in [693] ms
27-May-2020 03:16:52.322 INFO [main] org.apache.catalina.startup.HostConfig.deployDirectory Deploying web application directory [/media/melchior/Backup/Desenvolvimento/Cursos/formacao-java/Servlet-Parte-1-Fundamentos-da-programação-web-Java/apache-tomcat-9.0.35-prod/webapps/examples]
27-May-2020 03:16:52.644 INFO [main] org.apache.catalina.startup.HostConfig.deployDirectory Deployment of web application directory [/media/melchior/Backup/Desenvolvimento/Cursos/formacao-java/Servlet-Parte-1-Fundamentos-da-programação-web-Java/apache-tomcat-9.0.35-prod/webapps/examples] has finished in [322] ms
27-May-2020 03:16:52.645 INFO [main] org.apache.catalina.startup.HostConfig.deployDirectory Deploying web application directory [/media/melchior/Backup/Desenvolvimento/Cursos/formacao-java/Servlet-Parte-1-Fundamentos-da-programação-web-Java/apache-tomcat-9.0.35-prod/webapps/ROOT]
27-May-2020 03:16:52.670 INFO [main] org.apache.catalina.startup.HostConfig.deployDirectory Deployment of web application directory [/media/melchior/Backup/Desenvolvimento/Cursos/formacao-java/Servlet-Parte-1-Fundamentos-da-programação-web-Java/apache-tomcat-9.0.35-prod/webapps/ROOT] has finished in [24] ms
27-May-2020 03:16:52.670 INFO [main] org.apache.catalina.startup.HostConfig.deployDirectory Deploying web application directory [/media/melchior/Backup/Desenvolvimento/Cursos/formacao-java/Servlet-Parte-1-Fundamentos-da-programação-web-Java/apache-tomcat-9.0.35-prod/webapps/host-manager]
27-May-2020 03:16:52.710 INFO [main] org.apache.catalina.startup.HostConfig.deployDirectory Deployment of web application directory [/media/melchior/Backup/Desenvolvimento/Cursos/formacao-java/Servlet-Parte-1-Fundamentos-da-programação-web-Java/apache-tomcat-9.0.35-prod/webapps/host-manager] has finished in [40] ms
27-May-2020 03:16:52.710 INFO [main] org.apache.catalina.startup.HostConfig.deployDirectory Deploying web application directory [/media/melchior/Backup/Desenvolvimento/Cursos/formacao-java/Servlet-Parte-1-Fundamentos-da-programação-web-Java/apache-tomcat-9.0.35-prod/webapps/manager]
27-May-2020 03:16:52.743 INFO [main] org.apache.catalina.startup.HostConfig.deployDirectory Deployment of web application directory [/media/melchior/Backup/Desenvolvimento/Cursos/formacao-java/Servlet-Parte-1-Fundamentos-da-programação-web-Java/apache-tomcat-9.0.35-prod/webapps/manager] has finished in [32] ms
27-May-2020 03:16:52.743 INFO [main] org.apache.catalina.startup.HostConfig.deployDirectory Deploying web application directory [/media/melchior/Backup/Desenvolvimento/Cursos/formacao-java/Servlet-Parte-1-Fundamentos-da-programação-web-Java/apache-tomcat-9.0.35-prod/webapps/docs]
27-May-2020 03:16:52.769 INFO [main] org.apache.catalina.startup.HostConfig.deployDirectory Deployment of web application directory [/media/melchior/Backup/Desenvolvimento/Cursos/formacao-java/Servlet-Parte-1-Fundamentos-da-programação-web-Java/apache-tomcat-9.0.35-prod/webapps/docs] has finished in [25] ms
27-May-2020 03:16:52.777 INFO [main] org.apache.coyote.AbstractProtocol.start Starting ProtocolHandler ["http-nio-8080"]
27-May-2020 03:16:52.805 INFO [main] org.apache.catalina.startup.Catalina.start Server startup in [1,316] milliseconds
27-May-2020 03:21:23.676 INFO [main] org.apache.catalina.startup.VersionLoggerListener.log Server version name:   Apache Tomcat/9.0.35
27-May-2020 03:21:23.682 INFO [main] org.apache.catalina.startup.VersionLoggerListener.log Server built:          May 5 2020 20:36:20 UTC
27-May-2020 03:21:23.683 INFO [main] org.apache.catalina.startup.VersionLoggerListener.log Server version number: 9.0.35.0
27-May-2020 03:21:23.683 INFO [main] org.apache.catalina.startup.VersionLoggerListener.log OS Name:               Linux
27-May-2020 03:21:23.683 INFO [main] org.apache.catalina.startup.VersionLoggerListener.log OS Version:            5.4.0-31-generic
27-May-2020 03:21:23.683 INFO [main] org.apache.catalina.startup.VersionLoggerListener.log Architecture:          amd64
27-May-2020 03:21:23.683 INFO [main] org.apache.catalina.startup.VersionLoggerListener.log Java Home:             /home/melchior/.sdkman/candidates/java/11.0.7-open
27-May-2020 03:21:23.684 INFO [main] org.apache.catalina.startup.VersionLoggerListener.log JVM Version:           11.0.7+10
27-May-2020 03:21:23.684 INFO [main] org.apache.catalina.startup.VersionLoggerListener.log JVM Vendor:            Oracle Corporation
27-May-2020 03:21:23.684 INFO [main] org.apache.catalina.startup.VersionLoggerListener.log CATALINA_BASE:         /media/melchior/Backup/Desenvolvimento/Cursos/formacao-java/Servlet-Parte-1-Fundamentos-da-programação-web-Java/apache-tomcat-9.0.35-prod
27-May-2020 03:21:23.684 INFO [main] org.apache.catalina.startup.VersionLoggerListener.log CATALINA_HOME:         /media/melchior/Backup/Desenvolvimento/Cursos/formacao-java/Servlet-Parte-1-Fundamentos-da-programação-web-Java/apache-tomcat-9.0.35-prod
27-May-2020 03:21:23.707 INFO [main] org.apache.catalina.startup.VersionLoggerListener.log Command line argument: --add-opens=java.base/java.lang=ALL-UNNAMED
27-May-2020 03:21:23.707 INFO [main] org.apache.catalina.startup.VersionLoggerListener.log Command line argument: --add-opens=java.base/java.io=ALL-UNNAMED
27-May-2020 03:21:23.707 INFO [main] org.apache.catalina.startup.VersionLoggerListener.log Command line argument: --add-opens=java.rmi/sun.rmi.transport=ALL-UNNAMED
27-May-2020 03:21:23.708 INFO [main] org.apache.catalina.startup.VersionLoggerListener.log Command line argument: -Djava.util.logging.config.file=/media/melchior/Backup/Desenvolvimento/Cursos/formacao-java/Servlet-Parte-1-Fundamentos-da-programação-web-Java/apache-tomcat-9.0.35-prod/conf/logging.properties
27-May-2020 03:21:23.708 INFO [main] org.apache.catalina.startup.VersionLoggerListener.log Command line argument: -Djava.util.logging.manager=org.apache.juli.ClassLoaderLogManager
27-May-2020 03:21:23.708 INFO [main] org.apache.catalina.startup.VersionLoggerListener.log Command line argument: -Djdk.tls.ephemeralDHKeySize=2048
27-May-2020 03:21:23.708 INFO [main] org.apache.catalina.startup.VersionLoggerListener.log Command line argument: -Djava.protocol.handler.pkgs=org.apache.catalina.webresources
27-May-2020 03:21:23.708 INFO [main] org.apache.catalina.startup.VersionLoggerListener.log Command line argument: -Dorg.apache.catalina.security.SecurityListener.UMASK=0027
27-May-2020 03:21:23.708 INFO [main] org.apache.catalina.startup.VersionLoggerListener.log Command line argument: -Dignore.endorsed.dirs=
27-May-2020 03:21:23.709 INFO [main] org.apache.catalina.startup.VersionLoggerListener.log Command line argument: -Dcatalina.base=/media/melchior/Backup/Desenvolvimento/Cursos/formacao-java/Servlet-Parte-1-Fundamentos-da-programação-web-Java/apache-tomcat-9.0.35-prod
27-May-2020 03:21:23.709 INFO [main] org.apache.catalina.startup.VersionLoggerListener.log Command line argument: -Dcatalina.home=/media/melchior/Backup/Desenvolvimento/Cursos/formacao-java/Servlet-Parte-1-Fundamentos-da-programação-web-Java/apache-tomcat-9.0.35-prod
27-May-2020 03:21:23.709 INFO [main] org.apache.catalina.startup.VersionLoggerListener.log Command line argument: -Djava.io.tmpdir=/media/melchior/Backup/Desenvolvimento/Cursos/formacao-java/Servlet-Parte-1-Fundamentos-da-programação-web-Java/apache-tomcat-9.0.35-prod/temp
27-May-2020 03:21:23.709 INFO [main] org.apache.catalina.core.AprLifecycleListener.lifecycleEvent The Apache Tomcat Native library which allows using OpenSSL was not found on the java.library.path: [/usr/java/packages/lib:/usr/lib64:/lib64:/lib:/usr/lib]
27-May-2020 03:21:24.254 INFO [main] org.apache.coyote.AbstractProtocol.init Initializing ProtocolHandler ["http-nio-8080"]
27-May-2020 03:21:24.281 SEVERE [main] org.apache.catalina.util.LifecycleBase.handleSubClassException Failed to initialize component [Connector[HTTP/1.1-8080]]
	org.apache.catalina.LifecycleException: Protocol handler initialization failed
		at org.apache.catalina.connector.Connector.initInternal(Connector.java:1033)
		at org.apache.catalina.util.LifecycleBase.init(LifecycleBase.java:136)
		at org.apache.catalina.core.StandardService.initInternal(StandardService.java:533)
		at org.apache.catalina.util.LifecycleBase.init(LifecycleBase.java:136)
		at org.apache.catalina.core.StandardServer.initInternal(StandardServer.java:1057)
		at org.apache.catalina.util.LifecycleBase.init(LifecycleBase.java:136)
		at org.apache.catalina.startup.Catalina.load(Catalina.java:584)
		at org.apache.catalina.startup.Catalina.load(Catalina.java:607)
		at java.base/jdk.internal.reflect.NativeMethodAccessorImpl.invoke0(Native Method)
		at java.base/jdk.internal.reflect.NativeMethodAccessorImpl.invoke(NativeMethodAccessorImpl.java:62)
		at java.base/jdk.internal.reflect.DelegatingMethodAccessorImpl.invoke(DelegatingMethodAccessorImpl.java:43)
		at java.base/java.lang.reflect.Method.invoke(Method.java:566)
		at org.apache.catalina.startup.Bootstrap.load(Bootstrap.java:303)
		at org.apache.catalina.startup.Bootstrap.main(Bootstrap.java:473)
	Caused by: java.net.BindException: Address already in use
		at java.base/sun.nio.ch.Net.bind0(Native Method)
		at java.base/sun.nio.ch.Net.bind(Net.java:455)
		at java.base/sun.nio.ch.Net.bind(Net.java:447)
		at java.base/sun.nio.ch.ServerSocketChannelImpl.bind(ServerSocketChannelImpl.java:227)
		at java.base/sun.nio.ch.ServerSocketAdaptor.bind(ServerSocketAdaptor.java:80)
		at org.apache.tomcat.util.net.NioEndpoint.initServerSocket(NioEndpoint.java:228)
		at org.apache.tomcat.util.net.NioEndpoint.bind(NioEndpoint.java:211)
		at org.apache.tomcat.util.net.AbstractEndpoint.bindWithCleanup(AbstractEndpoint.java:1141)
		at org.apache.tomcat.util.net.AbstractEndpoint.init(AbstractEndpoint.java:1154)
		at org.apache.coyote.AbstractProtocol.init(AbstractProtocol.java:581)
		at org.apache.coyote.http11.AbstractHttp11Protocol.init(AbstractHttp11Protocol.java:74)
		at org.apache.catalina.connector.Connector.initInternal(Connector.java:1030)
		... 13 more
27-May-2020 03:21:24.283 INFO [main] org.apache.catalina.startup.Catalina.load Server initialization in [921] milliseconds
27-May-2020 03:21:24.359 INFO [main] org.apache.catalina.core.StandardService.startInternal Starting service [Catalina]
27-May-2020 03:21:24.359 INFO [main] org.apache.catalina.core.StandardEngine.startInternal Starting Servlet engine: [Apache Tomcat/9.0.35]
27-May-2020 03:21:24.382 INFO [main] org.apache.catalina.startup.HostConfig.deployWAR Deploying web application archive [/media/melchior/Backup/Desenvolvimento/Cursos/formacao-java/Servlet-Parte-1-Fundamentos-da-programação-web-Java/apache-tomcat-9.0.35-prod/webapps/gerenciador.war]
27-May-2020 03:21:25.059 INFO [main] org.apache.catalina.startup.HostConfig.deployWAR Deployment of web application archive [/media/melchior/Backup/Desenvolvimento/Cursos/formacao-java/Servlet-Parte-1-Fundamentos-da-programação-web-Java/apache-tomcat-9.0.35-prod/webapps/gerenciador.war] has finished in [676] ms
27-May-2020 03:21:25.060 INFO [main] org.apache.catalina.startup.HostConfig.deployDirectory Deploying web application directory [/media/melchior/Backup/Desenvolvimento/Cursos/formacao-java/Servlet-Parte-1-Fundamentos-da-programação-web-Java/apache-tomcat-9.0.35-prod/webapps/examples]
27-May-2020 03:21:25.367 INFO [main] org.apache.catalina.startup.HostConfig.deployDirectory Deployment of web application directory [/media/melchior/Backup/Desenvolvimento/Cursos/formacao-java/Servlet-Parte-1-Fundamentos-da-programação-web-Java/apache-tomcat-9.0.35-prod/webapps/examples] has finished in [306] ms
27-May-2020 03:21:25.367 INFO [main] org.apache.catalina.startup.HostConfig.deployDirectory Deploying web application directory [/media/melchior/Backup/Desenvolvimento/Cursos/formacao-java/Servlet-Parte-1-Fundamentos-da-programação-web-Java/apache-tomcat-9.0.35-prod/webapps/ROOT]
27-May-2020 03:21:25.394 INFO [main] org.apache.catalina.startup.HostConfig.deployDirectory Deployment of web application directory [/media/melchior/Backup/Desenvolvimento/Cursos/formacao-java/Servlet-Parte-1-Fundamentos-da-programação-web-Java/apache-tomcat-9.0.35-prod/webapps/ROOT] has finished in [27] ms
27-May-2020 03:21:25.395 INFO [main] org.apache.catalina.startup.HostConfig.deployDirectory Deploying web application directory [/media/melchior/Backup/Desenvolvimento/Cursos/formacao-java/Servlet-Parte-1-Fundamentos-da-programação-web-Java/apache-tomcat-9.0.35-prod/webapps/host-manager]
27-May-2020 03:21:25.437 INFO [main] org.apache.catalina.startup.HostConfig.deployDirectory Deployment of web application directory [/media/melchior/Backup/Desenvolvimento/Cursos/formacao-java/Servlet-Parte-1-Fundamentos-da-programação-web-Java/apache-tomcat-9.0.35-prod/webapps/host-manager] has finished in [42] ms
27-May-2020 03:21:25.438 INFO [main] org.apache.catalina.startup.HostConfig.deployDirectory Deploying web application directory [/media/melchior/Backup/Desenvolvimento/Cursos/formacao-java/Servlet-Parte-1-Fundamentos-da-programação-web-Java/apache-tomcat-9.0.35-prod/webapps/manager]
27-May-2020 03:21:25.477 INFO [main] org.apache.catalina.startup.HostConfig.deployDirectory Deployment of web application directory [/media/melchior/Backup/Desenvolvimento/Cursos/formacao-java/Servlet-Parte-1-Fundamentos-da-programação-web-Java/apache-tomcat-9.0.35-prod/webapps/manager] has finished in [40] ms
27-May-2020 03:21:25.477 INFO [main] org.apache.catalina.startup.HostConfig.deployDirectory Deploying web application directory [/media/melchior/Backup/Desenvolvimento/Cursos/formacao-java/Servlet-Parte-1-Fundamentos-da-programação-web-Java/apache-tomcat-9.0.35-prod/webapps/docs]
27-May-2020 03:21:25.506 INFO [main] org.apache.catalina.startup.HostConfig.deployDirectory Deployment of web application directory [/media/melchior/Backup/Desenvolvimento/Cursos/formacao-java/Servlet-Parte-1-Fundamentos-da-programação-web-Java/apache-tomcat-9.0.35-prod/webapps/docs] has finished in [28] ms
27-May-2020 03:21:25.517 INFO [main] org.apache.catalina.startup.Catalina.start Server startup in [1,232] milliseconds
27-May-2020 03:21:25.522 SEVERE [main] org.apache.catalina.core.StandardServer.await Failed to create server shutdown socket on address [localhost] and port [8005] (base port [8005] and offset [0])
	java.net.BindException: Address already in use (Bind failed)
		at java.base/java.net.PlainSocketImpl.socketBind(Native Method)
		at java.base/java.net.AbstractPlainSocketImpl.bind(AbstractPlainSocketImpl.java:436)
		at java.base/java.net.ServerSocket.bind(ServerSocket.java:395)
		at java.base/java.net.ServerSocket.<init>(ServerSocket.java:257)
		at org.apache.catalina.core.StandardServer.await(StandardServer.java:584)
		at org.apache.catalina.startup.Catalina.await(Catalina.java:721)
		at org.apache.catalina.startup.Catalina.start(Catalina.java:667)
		at java.base/jdk.internal.reflect.NativeMethodAccessorImpl.invoke0(Native Method)
		at java.base/jdk.internal.reflect.NativeMethodAccessorImpl.invoke(NativeMethodAccessorImpl.java:62)
		at java.base/jdk.internal.reflect.DelegatingMethodAccessorImpl.invoke(DelegatingMethodAccessorImpl.java:43)
		at java.base/java.lang.reflect.Method.invoke(Method.java:566)
		at org.apache.catalina.startup.Bootstrap.start(Bootstrap.java:343)
		at org.apache.catalina.startup.Bootstrap.main(Bootstrap.java:474)
27-May-2020 03:21:25.522 INFO [main] org.apache.coyote.AbstractProtocol.pause Pausing ProtocolHandler ["http-nio-8080"]
27-May-2020 03:21:25.523 INFO [main] org.apache.catalina.core.StandardService.stopInternal Stopping service [Catalina]
27-May-2020 03:21:25.567 INFO [main] org.apache.coyote.AbstractProtocol.stop Stopping ProtocolHandler ["http-nio-8080"]
27-May-2020 03:21:25.568 INFO [main] org.apache.coyote.AbstractProtocol.destroy Destroying ProtocolHandler ["http-nio-8080"]
27-May-2020 03:23:01.931 INFO [main] org.apache.catalina.core.StandardServer.await A valid shutdown command was received via the shutdown port. Stopping the Server instance.
27-May-2020 03:23:01.932 INFO [main] org.apache.coyote.AbstractProtocol.pause Pausing ProtocolHandler ["http-nio-8080"]
27-May-2020 03:23:01.940 INFO [main] org.apache.catalina.core.StandardService.stopInternal Stopping service [Catalina]
27-May-2020 03:23:02.017 INFO [main] org.apache.coyote.AbstractProtocol.stop Stopping ProtocolHandler ["http-nio-8080"]
27-May-2020 03:23:02.021 INFO [main] org.apache.coyote.AbstractProtocol.destroy Destroying ProtocolHandler ["http-nio-8080"]
27-May-2020 03:23:18.667 INFO [main] org.apache.catalina.startup.VersionLoggerListener.log Server version name:   Apache Tomcat/9.0.35
27-May-2020 03:23:18.675 INFO [main] org.apache.catalina.startup.VersionLoggerListener.log Server built:          May 5 2020 20:36:20 UTC
27-May-2020 03:23:18.675 INFO [main] org.apache.catalina.startup.VersionLoggerListener.log Server version number: 9.0.35.0
27-May-2020 03:23:18.676 INFO [main] org.apache.catalina.startup.VersionLoggerListener.log OS Name:               Linux
27-May-2020 03:23:18.676 INFO [main] org.apache.catalina.startup.VersionLoggerListener.log OS Version:            5.4.0-31-generic
27-May-2020 03:23:18.676 INFO [main] org.apache.catalina.startup.VersionLoggerListener.log Architecture:          amd64
27-May-2020 03:23:18.676 INFO [main] org.apache.catalina.startup.VersionLoggerListener.log Java Home:             /home/melchior/.sdkman/candidates/java/11.0.7-open
27-May-2020 03:23:18.676 INFO [main] org.apache.catalina.startup.VersionLoggerListener.log JVM Version:           11.0.7+10
27-May-2020 03:23:18.676 INFO [main] org.apache.catalina.startup.VersionLoggerListener.log JVM Vendor:            Oracle Corporation
27-May-2020 03:23:18.677 INFO [main] org.apache.catalina.startup.VersionLoggerListener.log CATALINA_BASE:         /media/melchior/Backup/Desenvolvimento/Cursos/formacao-java/Servlet-Parte-1-Fundamentos-da-programação-web-Java/apache-tomcat-9.0.35-prod
27-May-2020 03:23:18.677 INFO [main] org.apache.catalina.startup.VersionLoggerListener.log CATALINA_HOME:         /media/melchior/Backup/Desenvolvimento/Cursos/formacao-java/Servlet-Parte-1-Fundamentos-da-programação-web-Java/apache-tomcat-9.0.35-prod
27-May-2020 03:23:18.698 INFO [main] org.apache.catalina.startup.VersionLoggerListener.log Command line argument: --add-opens=java.base/java.lang=ALL-UNNAMED
27-May-2020 03:23:18.698 INFO [main] org.apache.catalina.startup.VersionLoggerListener.log Command line argument: --add-opens=java.base/java.io=ALL-UNNAMED
27-May-2020 03:23:18.699 INFO [main] org.apache.catalina.startup.VersionLoggerListener.log Command line argument: --add-opens=java.rmi/sun.rmi.transport=ALL-UNNAMED
27-May-2020 03:23:18.699 INFO [main] org.apache.catalina.startup.VersionLoggerListener.log Command line argument: -Djava.util.logging.config.file=/media/melchior/Backup/Desenvolvimento/Cursos/formacao-java/Servlet-Parte-1-Fundamentos-da-programação-web-Java/apache-tomcat-9.0.35-prod/conf/logging.properties
27-May-2020 03:23:18.699 INFO [main] org.apache.catalina.startup.VersionLoggerListener.log Command line argument: -Djava.util.logging.manager=org.apache.juli.ClassLoaderLogManager
27-May-2020 03:23:18.699 INFO [main] org.apache.catalina.startup.VersionLoggerListener.log Command line argument: -Djdk.tls.ephemeralDHKeySize=2048
27-May-2020 03:23:18.700 INFO [main] org.apache.catalina.startup.VersionLoggerListener.log Command line argument: -Djava.protocol.handler.pkgs=org.apache.catalina.webresources
27-May-2020 03:23:18.700 INFO [main] org.apache.catalina.startup.VersionLoggerListener.log Command line argument: -Dorg.apache.catalina.security.SecurityListener.UMASK=0027
27-May-2020 03:23:18.700 INFO [main] org.apache.catalina.startup.VersionLoggerListener.log Command line argument: -Dignore.endorsed.dirs=
27-May-2020 03:23:18.700 INFO [main] org.apache.catalina.startup.VersionLoggerListener.log Command line argument: -Dcatalina.base=/media/melchior/Backup/Desenvolvimento/Cursos/formacao-java/Servlet-Parte-1-Fundamentos-da-programação-web-Java/apache-tomcat-9.0.35-prod
27-May-2020 03:23:18.700 INFO [main] org.apache.catalina.startup.VersionLoggerListener.log Command line argument: -Dcatalina.home=/media/melchior/Backup/Desenvolvimento/Cursos/formacao-java/Servlet-Parte-1-Fundamentos-da-programação-web-Java/apache-tomcat-9.0.35-prod
27-May-2020 03:23:18.701 INFO [main] org.apache.catalina.startup.VersionLoggerListener.log Command line argument: -Djava.io.tmpdir=/media/melchior/Backup/Desenvolvimento/Cursos/formacao-java/Servlet-Parte-1-Fundamentos-da-programação-web-Java/apache-tomcat-9.0.35-prod/temp
27-May-2020 03:23:18.701 INFO [main] org.apache.catalina.core.AprLifecycleListener.lifecycleEvent The Apache Tomcat Native library which allows using OpenSSL was not found on the java.library.path: [/usr/java/packages/lib:/usr/lib64:/lib64:/lib:/usr/lib]
27-May-2020 03:23:19.386 INFO [main] org.apache.coyote.AbstractProtocol.init Initializing ProtocolHandler ["http-nio-8080"]
27-May-2020 03:23:19.445 INFO [main] org.apache.catalina.startup.Catalina.load Server initialization in [1,166] milliseconds
27-May-2020 03:23:19.532 INFO [main] org.apache.catalina.core.StandardService.startInternal Starting service [Catalina]
27-May-2020 03:23:19.533 INFO [main] org.apache.catalina.core.StandardEngine.startInternal Starting Servlet engine: [Apache Tomcat/9.0.35]
27-May-2020 03:23:19.557 INFO [main] org.apache.catalina.startup.HostConfig.deployWAR Deploying web application archive [/media/melchior/Backup/Desenvolvimento/Cursos/formacao-java/Servlet-Parte-1-Fundamentos-da-programação-web-Java/apache-tomcat-9.0.35-prod/webapps/gerenciador.war]
27-May-2020 03:23:20.455 INFO [main] org.apache.catalina.startup.HostConfig.deployWAR Deployment of web application archive [/media/melchior/Backup/Desenvolvimento/Cursos/formacao-java/Servlet-Parte-1-Fundamentos-da-programação-web-Java/apache-tomcat-9.0.35-prod/webapps/gerenciador.war] has finished in [898] ms
27-May-2020 03:23:20.456 INFO [main] org.apache.catalina.startup.HostConfig.deployDirectory Deploying web application directory [/media/melchior/Backup/Desenvolvimento/Cursos/formacao-java/Servlet-Parte-1-Fundamentos-da-programação-web-Java/apache-tomcat-9.0.35-prod/webapps/examples]
27-May-2020 03:23:20.782 INFO [main] org.apache.catalina.startup.HostConfig.deployDirectory Deployment of web application directory [/media/melchior/Backup/Desenvolvimento/Cursos/formacao-java/Servlet-Parte-1-Fundamentos-da-programação-web-Java/apache-tomcat-9.0.35-prod/webapps/examples] has finished in [325] ms
27-May-2020 03:23:20.782 INFO [main] org.apache.catalina.startup.HostConfig.deployDirectory Deploying web application directory [/media/melchior/Backup/Desenvolvimento/Cursos/formacao-java/Servlet-Parte-1-Fundamentos-da-programação-web-Java/apache-tomcat-9.0.35-prod/webapps/ROOT]
27-May-2020 03:23:20.822 INFO [main] org.apache.catalina.startup.HostConfig.deployDirectory Deployment of web application directory [/media/melchior/Backup/Desenvolvimento/Cursos/formacao-java/Servlet-Parte-1-Fundamentos-da-programação-web-Java/apache-tomcat-9.0.35-prod/webapps/ROOT] has finished in [39] ms
27-May-2020 03:23:20.822 INFO [main] org.apache.catalina.startup.HostConfig.deployDirectory Deploying web application directory [/media/melchior/Backup/Desenvolvimento/Cursos/formacao-java/Servlet-Parte-1-Fundamentos-da-programação-web-Java/apache-tomcat-9.0.35-prod/webapps/host-manager]
27-May-2020 03:23:20.875 INFO [main] org.apache.catalina.startup.HostConfig.deployDirectory Deployment of web application directory [/media/melchior/Backup/Desenvolvimento/Cursos/formacao-java/Servlet-Parte-1-Fundamentos-da-programação-web-Java/apache-tomcat-9.0.35-prod/webapps/host-manager] has finished in [52] ms
27-May-2020 03:23:20.875 INFO [main] org.apache.catalina.startup.HostConfig.deployDirectory Deploying web application directory [/media/melchior/Backup/Desenvolvimento/Cursos/formacao-java/Servlet-Parte-1-Fundamentos-da-programação-web-Java/apache-tomcat-9.0.35-prod/webapps/manager]
27-May-2020 03:23:20.914 INFO [main] org.apache.catalina.startup.HostConfig.deployDirectory Deployment of web application directory [/media/melchior/Backup/Desenvolvimento/Cursos/formacao-java/Servlet-Parte-1-Fundamentos-da-programação-web-Java/apache-tomcat-9.0.35-prod/webapps/manager] has finished in [39] ms
27-May-2020 03:23:20.915 INFO [main] org.apache.catalina.startup.HostConfig.deployDirectory Deploying web application directory [/media/melchior/Backup/Desenvolvimento/Cursos/formacao-java/Servlet-Parte-1-Fundamentos-da-programação-web-Java/apache-tomcat-9.0.35-prod/webapps/docs]
27-May-2020 03:23:20.944 INFO [main] org.apache.catalina.startup.HostConfig.deployDirectory Deployment of web application directory [/media/melchior/Backup/Desenvolvimento/Cursos/formacao-java/Servlet-Parte-1-Fundamentos-da-programação-web-Java/apache-tomcat-9.0.35-prod/webapps/docs] has finished in [29] ms
27-May-2020 03:23:20.952 INFO [main] org.apache.coyote.AbstractProtocol.start Starting ProtocolHandler ["http-nio-8080"]
27-May-2020 03:23:20.966 INFO [main] org.apache.catalina.startup.Catalina.start Server startup in [1,519] milliseconds
27-May-2020 03:23:52.839 INFO [main] org.apache.catalina.core.StandardServer.await A valid shutdown command was received via the shutdown port. Stopping the Server instance.
27-May-2020 03:23:52.840 INFO [main] org.apache.coyote.AbstractProtocol.pause Pausing ProtocolHandler ["http-nio-8080"]
27-May-2020 03:23:52.850 INFO [main] org.apache.catalina.core.StandardService.stopInternal Stopping service [Catalina]
27-May-2020 03:23:52.894 INFO [main] org.apache.coyote.AbstractProtocol.stop Stopping ProtocolHandler ["http-nio-8080"]
27-May-2020 03:23:52.898 INFO [main] org.apache.coyote.AbstractProtocol.destroy Destroying ProtocolHandler ["http-nio-8080"]
